<?xml version="1.0" encoding="UTF-8"?>
<!-- Generated by org.testng.reporters.JUnitReportReporter -->
<testsuite name="tests.LoginTest" tests="1" time="22.637" ignored="0" failures="0" timestamp="29 Dec 2016 16:24:22 GMT" skipped="0" hostname="MacBook-Pro-2.local" errors="0">
  <testcase name="testScrolling" time="22.637" classname="tests.LoginTest"/>
</testsuite> <!-- tests.LoginTest -->
